#
# A fatal error has been detected by the Java Runtime Environment:
#
#  SIGSEGV (0xb) at pc=0x0000000127e483fd, pid=4441, tid=1811
#
# JRE version: Java(TM) SE Runtime Environment (8.0_25-b17) (build 1.8.0_25-b17)
# Java VM: Java HotSpot(TM) 64-Bit Server VM (25.25-b02 mixed mode bsd-amd64 compressed oops)
# Problematic frame:
# C  [libglass.dylib+0x163fd]  GlassScreenDidChangeScreenParameters+0x9d
#
# Failed to write core dump. Core dumps have been disabled. To enable core dumping, try "ulimit -c unlimited" before starting Java again
#
# If you would like to submit a bug report, please visit:
#   http://bugreport.sun.com/bugreport/crash.jsp
#

---------------  T H R E A D  ---------------

Current thread is native thread

siginfo: si_signo: 11 (SIGSEGV), si_code: 1 (SEGV_MAPERR), si_addr: 0x0000000000000000

Registers:
RAX=0x0000000127e7ae40, RBX=0x0000000000000000, RCX=0xc000e6173a978fe5, RDX=0x00007fc0e1f7ee10
RSP=0x00007fff58339f90, RBP=0x00007fff58339fa0, RSI=0x00007fc0e1f06e38, RDI=0x0000000000000000
R8 =0x00007fff58339e40, R9 =0x00007fff79e33300, R10=0x0000000000000000, R11=0x0000000000000246
R12=0x00007fc0e1f0c310, R13=0x00000000000f4268, R14=0x00007fc0e1c461b0, R15=0x00007fff5833a0e0
RIP=0x0000000127e483fd, EFLAGS=0x0000000000010202, ERR=0x0000000000000004
  TRAPNO=0x000000000000000e

Top of Stack: (sp=0x00007fff58339f90)
0x00007fff58339f90:   00007fff5833a170 00007fc0e1c461b0
0x00007fff58339fa0:   00007fff58339fb0 00007fff8af36cdc
0x00007fff58339fb0:   00007fff5833a310 00007fff8ae28244
0x00007fff58339fc0:   00007fff5833a010 0000000000003c00
0x00007fff58339fd0:   00007fff785a7cf0 00007fc0e1f7f0f0
0x00007fff58339fe0:   0000000000001006 0000000000000270
0x00007fff58339ff0:   00007fc0e1f7f0f0 00007fc0e1c461b0
0x00007fff5833a000:   0000000000000000 00007fff5833a0e0
0x00007fff5833a010:   0000000000000000 00007fc0e1c46170
0x00007fff5833a020:   00007fff5833a160 000000000000001a
0x00007fff5833a030:   00000000000f4291 00007fc0e1fbe010
0x00007fff5833a040:   00007fc0e1c27aa0 00007fc0e1f0c310
0x00007fff5833a050:   0000000000000001 00000000000f4268
0x00007fff5833a060:   00007fc0e1f0c300 00007fff91688acb
0x00007fff5833a070:   0000000000000001 0000000000000001
0x00007fff5833a080:   0000000000000030 0000000000000001
0x00007fff5833a090:   00007fff5833a0b0 00007fff9168e231
0x00007fff5833a0a0:   00007fff785a5dd0 0000000000000000
0x00007fff5833a0b0:   00007fff5833a0d0 0000000000000005
0x00007fff5833a0c0:   0000400300020000 00007fc0e1f0c334
0x00007fff5833a0d0:   0000000000000000 00007fff8ae1dd1f
0x00007fff5833a0e0:   00007fc0e1c461b0 00007fff785a5dd0
0x00007fff5833a0f0:   00007fff5833a170 0000000000000001
0x00007fff5833a100:   00007fff5833a140 00007fff9168853e
0x00007fff5833a110:   00000001078e0a00 0000000000000002
0x00007fff5833a120:   00000001078dd000 00007fc0e1fbef62
0x00007fff5833a130:   0000000000000003 00000001078e4600
0x00007fff5833a140:   00007fff5833a230 00007fff916872a2
0x00007fff5833a150:   00007fc0e1e42fe0 00007fff5833a318
0x00007fff5833a160:   0000000000000017 0000000000000000
0x00007fff5833a170:   00000000000f4268 00007fff8ae1e013
0x00007fff5833a180:   00007fff00000000 00007fc0e1d63400 

Instructions: (pc=0x0000000127e483fd)
0x0000000127e483dd:   89 df 4c 89 f1 41 ff 90 68 04 00 00 48 8d 05 58
0x0000000127e483ed:   29 03 00 48 8b 30 48 8d 05 46 2a 03 00 48 8b 10
0x0000000127e483fd:   48 8b 0b 30 c0 48 89 df ff 91 68 04 00 00 48 8b
0x0000000127e4840d:   03 48 89 df ff 50 78 48 85 c0 74 36 49 89 c6 48 

Register to memory mapping:

RAX=0x0000000127e7ae40: jScreenNotifySettingsChanged+0 in /Library/Java/JavaVirtualMachines/jdk1.8.0_25.jdk/Contents/Home/jre/lib/libglass.dylib at 0x0000000127e32000
RBX=0x0000000000000000 is an unknown value
RCX=0xc000e6173a978fe5 is an unknown value
RDX=0x00007fc0e1f7ee10 is an unknown value
RSP=0x00007fff58339f90 is an unknown value
RBP=0x00007fff58339fa0 is an unknown value
RSI=0x00007fc0e1f06e38 is a global jni handle
RDI=0x0000000000000000 is an unknown value
R8 =0x00007fff58339e40 is an unknown value
R9 =0x00007fff79e33300: _thread+0 in /usr/lib/system/libsystem_pthread.dylib at 0x00007fff95ad8000
R10=0x0000000000000000 is an unknown value
R11=0x0000000000000246 is an unknown value
R12=0x00007fc0e1f0c310 is an unknown value
R13=0x00000000000f4268 is an unknown value
R14=0x00007fc0e1c461b0 is an unknown value
R15=0x00007fff5833a0e0 is an unknown value


Stack: [0x00007fff57b3d000,0x00007fff5833d000],  sp=0x00007fff58339f90,  free space=8179k
Native frames: (J=compiled Java code, j=interpreted, Vv=VM code, C=native code)
C  [libglass.dylib+0x163fd]  GlassScreenDidChangeScreenParameters+0x9d
C  [CoreFoundation+0x11ecdc]  __CFNOTIFICATIONCENTER_IS_CALLING_OUT_TO_AN_OBSERVER__+0xc
C  [CoreFoundation+0x10244]  _CFXNotificationPost+0xc44
C  [Foundation+0x2c31]  -[NSNotificationCenter postNotificationName:object:userInfo:]+0x42
C  [AppKit+0x36305e]  -[NSApplication _reactToScreenInvalidationImmediately:]+0x17b
C  [AppKit+0x362e9d]  __44-[NSApplication _reactToScreenInvalidation:]_block_invoke+0x4b
C  [CoreFoundation+0x8056c]  __CFRUNLOOP_IS_CALLING_OUT_TO_A_BLOCK__+0xc
C  [CoreFoundation+0x72675]  __CFRunLoopDoBlocks+0x155
C  [CoreFoundation+0x721b6]  __CFRunLoopRun+0x716
C  [CoreFoundation+0x71858]  CFRunLoopRunSpecific+0x128
C  [java+0x56cc]  CreateExecutionEnvironment+0x367
C  [java+0x165c]  JLI_Launch+0x7a0
C  [java+0x768a]  main+0x65
C  [java+0xeb4]  start+0x34


---------------  P R O C E S S  ---------------

VM state:at safepoint (normal execution)

VM Mutex/Monitor currently owned by a thread:  ([mutex/lock_event])
[0x00007fc0e1d1fbd0] Threads_lock - owner thread: 0x00007fc0e280c000

Heap:
 PSYoungGen      total 76288K, used 21501K [0x000000076ab00000, 0x0000000770000000, 0x00000007c0000000)
  eden space 65536K, 32% used [0x000000076ab00000,0x000000076bfff758,0x000000076eb00000)
  from space 10752K, 0% used [0x000000076f580000,0x000000076f580000,0x0000000770000000)
  to   space 10752K, 0% used [0x000000076eb00000,0x000000076eb00000,0x000000076f580000)
 ParOldGen       total 175104K, used 0K [0x00000006c0000000, 0x00000006cab00000, 0x000000076ab00000)
  object space 175104K, 0% used [0x00000006c0000000,0x00000006c0000000,0x00000006cab00000)
 Metaspace       used 8804K, capacity 9146K, committed 9216K, reserved 1056768K
  class space    used 1162K, capacity 1247K, committed 1280K, reserved 1048576K

Card table byte_map: [0x0000000118e13000,0x0000000119614000] byte_map_base: 0x0000000115813000

Marking Bits: (ParMarkBitMap*) 0x000000010929d390
 Begin Bits: [0x000000011a382000, 0x000000011e382000)
 End Bits:   [0x000000011e382000, 0x0000000122382000)

Polling page: 0x00000001079e6000

CodeCache: size=245760Kb used=2677Kb max_used=2677Kb free=243082Kb
 bounds [0x0000000109a53000, 0x0000000109cf3000, 0x0000000118a53000]
 total_blobs=1063 nmethods=637 adapters=341
 compilation: enabled

Compilation events (10 events):
Event: 1.244 Thread 0x00007fc0e4811800  632       3       jdk.internal.org.objectweb.asm.ClassWriter::visitMethod (24 bytes)
Event: 1.245 Thread 0x00007fc0e4811800 nmethod 632 0x0000000109ceb250 code [0x0000000109ceb3c0, 0x0000000109ceb5e8]
Event: 1.245 Thread 0x00007fc0e4811800  634       3       jdk.internal.org.objectweb.asm.MethodWriter::getSize (838 bytes)
Event: 1.247 Thread 0x00007fc0e4811800 nmethod 634 0x0000000109ceb6d0 code [0x0000000109cebb60, 0x0000000109cee028]
Event: 1.247 Thread 0x00007fc0e4811800  636       3       java.nio.ByteBuffer::arrayOffset (35 bytes)
Event: 1.247 Thread 0x00007fc0e4811800 nmethod 636 0x0000000109cef390 code [0x0000000109cef520, 0x0000000109cef818]
Event: 1.247 Thread 0x00007fc0e4811800  635       1       java.nio.Buffer::limit (5 bytes)
Event: 1.247 Thread 0x00007fc0e4811800 nmethod 635 0x0000000109cef950 code [0x0000000109cefaa0, 0x0000000109cefbb0]
Event: 1.248 Thread 0x00007fc0e4811800  637  s    3       java.util.Hashtable::get (69 bytes)
Event: 1.248 Thread 0x00007fc0e4811800 nmethod 637 0x0000000109cefc10 code [0x0000000109cefdc0, 0x0000000109cf03f8]

GC Heap History (0 events):
No events

Deoptimization events (2 events):
Event: 1.198 Thread 0x00007fc0e3165800 Uncommon trap: reason=unreached action=reinterpret pc=0x0000000109cc7c00 method=java.util.HashMap.getNode(ILjava/lang/Object;)Ljava/util/HashMap$Node; @ 84
Event: 1.198 Thread 0x00007fc0e3165800 Uncommon trap: reason=unreached action=reinterpret pc=0x0000000109cc3d24 method=java.util.HashMap.getNode(ILjava/lang/Object;)Ljava/util/HashMap$Node; @ 84

Internal exceptions (10 events):
Event: 0.146 Thread 0x00007fc0e2010800 Exception <a 'java/security/PrivilegedActionException'> (0x000000076af99d60) thrown at [/HUDSON3/workspace/8-2-build-macosx-x86_64/jdk8u25/1514/hotspot/src/share/vm/prims/jvm.cpp, line 1312]
Event: 0.146 Thread 0x00007fc0e2010800 Exception <a 'java/lang/NullPointerException'> (0x000000076af9b678) thrown at [/HUDSON3/workspace/8-2-build-macosx-x86_64/jdk8u25/1514/hotspot/src/share/vm/interpreter/linkResolver.cpp, line 1178]
Event: 1.112 Thread 0x00007fc0e3165800 Exception <a 'java/lang/NullPointerException'> (0x000000076bbd3460) thrown at [/HUDSON3/workspace/8-2-build-macosx-x86_64/jdk8u25/1514/hotspot/src/share/vm/interpreter/linkResolver.cpp, line 1178]
Event: 1.112 Thread 0x00007fc0e3165800 Exception <a 'java/lang/NullPointerException'> (0x000000076bbd3460) thrown at [/HUDSON3/workspace/8-2-build-macosx-x86_64/jdk8u25/1514/hotspot/src/share/vm/prims/jvm.cpp, line 1316]
Event: 1.170 Thread 0x00007fc0e3165800 Exception <a 'java/security/PrivilegedActionException'> (0x000000076bde4798) thrown at [/HUDSON3/workspace/8-2-build-macosx-x86_64/jdk8u25/1514/hotspot/src/share/vm/prims/jvm.cpp, line 1312]
Event: 1.170 Thread 0x00007fc0e3165800 Exception <a 'java/security/PrivilegedActionException'> (0x000000076bde70d8) thrown at [/HUDSON3/workspace/8-2-build-macosx-x86_64/jdk8u25/1514/hotspot/src/share/vm/prims/jvm.cpp, line 1312]
Event: 1.209 Thread 0x00007fc0e3165800 Exception <a 'java/security/PrivilegedActionException'> (0x000000076bfc94b8) thrown at [/HUDSON3/workspace/8-2-build-macosx-x86_64/jdk8u25/1514/hotspot/src/share/vm/prims/jvm.cpp, line 1312]
Event: 1.210 Thread 0x00007fc0e3165800 Exception <a 'java/security/PrivilegedActionException'> (0x000000076bfcd050) thrown at [/HUDSON3/workspace/8-2-build-macosx-x86_64/jdk8u25/1514/hotspot/src/share/vm/prims/jvm.cpp, line 1312]
Event: 1.210 Thread 0x00007fc0e3165800 Exception <a 'java/lang/NullPointerException'> (0x000000076bfcf000) thrown at [/HUDSON3/workspace/8-2-build-macosx-x86_64/jdk8u25/1514/hotspot/src/share/vm/interpreter/linkResolver.cpp, line 1178]
Event: 1.244 Thread 0x00007fc0e2010800 Exception <a 'java/lang/reflect/InvocationTargetException'> (0x000000076b2fd820) thrown at [/HUDSON3/workspace/8-2-build-macosx-x86_64/jdk8u25/1514/hotspot/src/share/vm/runtime/reflection.cpp, line 1080]

Events (10 events):
Event: 1.249 loading class java/util/Formatter$Flags done
Event: 1.249 loading class java/util/Formatter$Conversion
Event: 1.249 loading class java/util/Formatter$Conversion done
Event: 1.249 loading class java/util/Formattable
Event: 1.249 loading class java/util/Formattable done
Event: 1.250 loading class java/util/IdentityHashMap$KeyIterator
Event: 1.250 loading class java/util/IdentityHashMap$IdentityHashMapIterator
Event: 1.250 loading class java/util/IdentityHashMap$IdentityHashMapIterator done
Event: 1.250 loading class java/util/IdentityHashMap$KeyIterator done
Event: 1.250 Executing VM operation: Exit


Dynamic libraries:
0x0000000007c9a000 	/System/Library/Frameworks/Cocoa.framework/Versions/A/Cocoa
0x0000000007c9a000 	/System/Library/Frameworks/Security.framework/Versions/A/Security
0x0000000007c9a000 	/System/Library/Frameworks/ApplicationServices.framework/Versions/A/ApplicationServices
0x0000000007c9a000 	/usr/lib/libz.1.dylib
0x0000000007c9a000 	/usr/lib/libSystem.B.dylib
0x0000000007c9a000 	/usr/lib/libobjc.A.dylib
0x0000000007c9a000 	/System/Library/Frameworks/CoreFoundation.framework/Versions/A/CoreFoundation
0x0000000007c9a000 	/System/Library/Frameworks/Foundation.framework/Versions/C/Foundation
0x0000000007c9a000 	/System/Library/Frameworks/AppKit.framework/Versions/C/AppKit
0x0000000007c9a000 	/System/Library/Frameworks/CoreData.framework/Versions/A/CoreData
0x0000000007c9a000 	/System/Library/PrivateFrameworks/RemoteViewServices.framework/Versions/A/RemoteViewServices
0x0000000007c9a000 	/System/Library/PrivateFrameworks/UIFoundation.framework/Versions/A/UIFoundation
0x0000000007c9a000 	/System/Library/Frameworks/IOSurface.framework/Versions/A/IOSurface
0x0000000007c9a000 	/System/Library/Frameworks/AudioToolbox.framework/Versions/A/AudioToolbox
0x0000000007c9a000 	/System/Library/Frameworks/AudioUnit.framework/Versions/A/AudioUnit
0x0000000007c9a000 	/System/Library/PrivateFrameworks/DataDetectorsCore.framework/Versions/A/DataDetectorsCore
0x0000000007c9a000 	/System/Library/PrivateFrameworks/DesktopServicesPriv.framework/Versions/A/DesktopServicesPriv
0x0000000007c9a000 	/System/Library/Frameworks/Carbon.framework/Versions/A/Frameworks/HIToolbox.framework/Versions/A/HIToolbox
0x0000000007c9a000 	/System/Library/Frameworks/QuartzCore.framework/Versions/A/QuartzCore
0x0000000007c9a000 	/System/Library/Frameworks/Carbon.framework/Versions/A/Frameworks/SpeechRecognition.framework/Versions/A/SpeechRecognition
0x0000000007c9a000 	/usr/lib/libauto.dylib
0x0000000007c9a000 	/usr/lib/libicucore.A.dylib
0x0000000007c9a000 	/usr/lib/libxml2.2.dylib
0x0000000007c9a000 	/System/Library/PrivateFrameworks/CoreUI.framework/Versions/A/CoreUI
0x0000000007c9a000 	/System/Library/Frameworks/CoreAudio.framework/Versions/A/CoreAudio
0x0000000007c9a000 	/System/Library/Frameworks/DiskArbitration.framework/Versions/A/DiskArbitration
0x0000000007c9a000 	/usr/lib/liblangid.dylib
0x0000000007c9a000 	/System/Library/PrivateFrameworks/MultitouchSupport.framework/Versions/A/MultitouchSupport
0x0000000007c9a000 	/System/Library/Frameworks/IOKit.framework/Versions/A/IOKit
0x0000000007c9a000 	/usr/lib/libDiagnosticMessagesClient.dylib
0x0000000007c9a000 	/System/Library/Frameworks/CoreServices.framework/Versions/A/CoreServices
0x0000000007c9a000 	/System/Library/PrivateFrameworks/PerformanceAnalysis.framework/Versions/A/PerformanceAnalysis
0x0000000007c9a000 	/System/Library/PrivateFrameworks/GenerationalStorage.framework/Versions/A/GenerationalStorage
0x0000000007c9a000 	/System/Library/Frameworks/OpenGL.framework/Versions/A/OpenGL
0x0000000007c9a000 	/System/Library/PrivateFrameworks/Sharing.framework/Versions/A/Sharing
0x0000000007c9a000 	/System/Library/Frameworks/CoreGraphics.framework/Versions/A/CoreGraphics
0x0000000007c9a000 	/System/Library/Frameworks/CoreText.framework/Versions/A/CoreText
0x0000000007c9a000 	/System/Library/Frameworks/ImageIO.framework/Versions/A/ImageIO
0x0000000007c9a000 	/usr/lib/libextension.dylib
0x0000000007c9a000 	/System/Library/PrivateFrameworks/Backup.framework/Versions/A/Backup
0x0000000007c9a000 	/usr/lib/libarchive.2.dylib
0x0000000007c9a000 	/System/Library/Frameworks/CFNetwork.framework/Versions/A/CFNetwork
0x0000000007c9a000 	/System/Library/Frameworks/SystemConfiguration.framework/Versions/A/SystemConfiguration
0x0000000007c9a000 	/usr/lib/libCRFSuite.dylib
0x0000000007c9a000 	/usr/lib/libc++.1.dylib
0x0000000007c9a000 	/usr/lib/libc++abi.dylib
0x0000000007c9a000 	/usr/lib/system/libcache.dylib
0x0000000007c9a000 	/usr/lib/system/libcommonCrypto.dylib
0x0000000007c9a000 	/usr/lib/system/libcompiler_rt.dylib
0x0000000007c9a000 	/usr/lib/system/libcopyfile.dylib
0x0000000007c9a000 	/usr/lib/system/libcorecrypto.dylib
0x0000000007c9a000 	/usr/lib/system/libdispatch.dylib
0x0000000007c9a000 	/usr/lib/system/libdyld.dylib
0x0000000007c9a000 	/usr/lib/system/libkeymgr.dylib
0x0000000007c9a000 	/usr/lib/system/liblaunch.dylib
0x0000000007c9a000 	/usr/lib/system/libmacho.dylib
0x0000000007c9a000 	/usr/lib/system/libquarantine.dylib
0x0000000007c9a000 	/usr/lib/system/libremovefile.dylib
0x0000000007c9a000 	/usr/lib/system/libsystem_asl.dylib
0x0000000007c9a000 	/usr/lib/system/libsystem_blocks.dylib
0x0000000007c9a000 	/usr/lib/system/libsystem_c.dylib
0x0000000007c9a000 	/usr/lib/system/libsystem_configuration.dylib
0x0000000007c9a000 	/usr/lib/system/libsystem_coreservices.dylib
0x0000000007c9a000 	/usr/lib/system/libsystem_coretls.dylib
0x0000000007c9a000 	/usr/lib/system/libsystem_dnssd.dylib
0x0000000007c9a000 	/usr/lib/system/libsystem_info.dylib
0x0000000007c9a000 	/usr/lib/system/libsystem_kernel.dylib
0x0000000007c9a000 	/usr/lib/system/libsystem_m.dylib
0x0000000007c9a000 	/usr/lib/system/libsystem_malloc.dylib
0x0000000007c9a000 	/usr/lib/system/libsystem_network.dylib
0x0000000007c9a000 	/usr/lib/system/libsystem_networkextension.dylib
0x0000000007c9a000 	/usr/lib/system/libsystem_notify.dylib
0x0000000007c9a000 	/usr/lib/system/libsystem_platform.dylib
0x0000000007c9a000 	/usr/lib/system/libsystem_pthread.dylib
0x0000000007c9a000 	/usr/lib/system/libsystem_sandbox.dylib
0x0000000007c9a000 	/usr/lib/system/libsystem_secinit.dylib
0x0000000007c9a000 	/usr/lib/system/libsystem_stats.dylib
0x0000000007c9a000 	/usr/lib/system/libsystem_trace.dylib
0x0000000007c9a000 	/usr/lib/system/libunc.dylib
0x0000000007c9a000 	/usr/lib/system/libunwind.dylib
0x0000000007c9a000 	/usr/lib/system/libxpc.dylib
0x0000000007c9a000 	/usr/lib/libbz2.1.0.dylib
0x0000000007c9a000 	/usr/lib/liblzma.5.dylib
0x0000000007c9a000 	/usr/lib/libbsm.0.dylib
0x0000000007c9a000 	/usr/lib/libsqlite3.dylib
0x0000000007c9a000 	/usr/lib/system/libkxld.dylib
0x0000000007c9a000 	/usr/lib/libxar.1.dylib
0x0000000007c9a000 	/usr/lib/libpam.2.dylib
0x0000000007c9a000 	/usr/lib/libOpenScriptingUtil.dylib
0x0000000007c9a000 	/System/Library/Frameworks/CoreServices.framework/Versions/A/Frameworks/FSEvents.framework/Versions/A/FSEvents
0x0000000007c9a000 	/System/Library/Frameworks/CoreServices.framework/Versions/A/Frameworks/CarbonCore.framework/Versions/A/CarbonCore
0x0000000007c9a000 	/System/Library/Frameworks/CoreServices.framework/Versions/A/Frameworks/Metadata.framework/Versions/A/Metadata
0x0000000007c9a000 	/System/Library/Frameworks/CoreServices.framework/Versions/A/Frameworks/OSServices.framework/Versions/A/OSServices
0x0000000007c9a000 	/System/Library/Frameworks/CoreServices.framework/Versions/A/Frameworks/SearchKit.framework/Versions/A/SearchKit
0x0000000007c9a000 	/System/Library/Frameworks/CoreServices.framework/Versions/A/Frameworks/AE.framework/Versions/A/AE
0x0000000007c9a000 	/System/Library/Frameworks/CoreServices.framework/Versions/A/Frameworks/LaunchServices.framework/Versions/A/LaunchServices
0x0000000007c9a000 	/System/Library/Frameworks/CoreServices.framework/Versions/A/Frameworks/DictionaryServices.framework/Versions/A/DictionaryServices
0x0000000007c9a000 	/System/Library/Frameworks/NetFS.framework/Versions/A/NetFS
0x0000000007c9a000 	/System/Library/PrivateFrameworks/NetAuth.framework/Versions/A/NetAuth
0x0000000007c9a000 	/System/Library/PrivateFrameworks/login.framework/Versions/A/Frameworks/loginsupport.framework/Versions/A/loginsupport
0x0000000007c9a000 	/System/Library/PrivateFrameworks/TCC.framework/Versions/A/TCC
0x0000000007c9a000 	/usr/lib/libmecabra.dylib
0x0000000007c9a000 	/System/Library/Frameworks/ApplicationServices.framework/Versions/A/Frameworks/ATS.framework/Versions/A/ATS
0x0000000007c9a000 	/System/Library/Frameworks/ApplicationServices.framework/Versions/A/Frameworks/ColorSync.framework/Versions/A/ColorSync
0x0000000007c9a000 	/System/Library/Frameworks/ApplicationServices.framework/Versions/A/Frameworks/HIServices.framework/Versions/A/HIServices
0x0000000007c9a000 	/System/Library/Frameworks/ApplicationServices.framework/Versions/A/Frameworks/LangAnalysis.framework/Versions/A/LangAnalysis
0x0000000007c9a000 	/System/Library/Frameworks/ApplicationServices.framework/Versions/A/Frameworks/PrintCore.framework/Versions/A/PrintCore
0x0000000007c9a000 	/System/Library/Frameworks/ApplicationServices.framework/Versions/A/Frameworks/QD.framework/Versions/A/QD
0x0000000007c9a000 	/System/Library/Frameworks/ApplicationServices.framework/Versions/A/Frameworks/SpeechSynthesis.framework/Versions/A/SpeechSynthesis
0x0000000007c9a000 	/System/Library/Frameworks/Accelerate.framework/Versions/A/Accelerate
0x0000000007c9a000 	/System/Library/Frameworks/Accelerate.framework/Versions/A/Frameworks/vImage.framework/Versions/A/vImage
0x0000000007c9a000 	/System/Library/Frameworks/Accelerate.framework/Versions/A/Frameworks/vecLib.framework/Versions/A/vecLib
0x0000000007c9a000 	/System/Library/Frameworks/Accelerate.framework/Versions/A/Frameworks/vecLib.framework/Versions/A/libvDSP.dylib
0x0000000007c9a000 	/System/Library/Frameworks/Accelerate.framework/Versions/A/Frameworks/vecLib.framework/Versions/A/libvMisc.dylib
0x0000000007c9a000 	/System/Library/Frameworks/Accelerate.framework/Versions/A/Frameworks/vecLib.framework/Versions/A/libLAPACK.dylib
0x0000000007c9a000 	/System/Library/Frameworks/Accelerate.framework/Versions/A/Frameworks/vecLib.framework/Versions/A/libBLAS.dylib
0x0000000007c9a000 	/System/Library/Frameworks/Accelerate.framework/Versions/A/Frameworks/vecLib.framework/Versions/A/libLinearAlgebra.dylib
0x0000000007c9a000 	/System/Library/Frameworks/ApplicationServices.framework/Versions/A/Frameworks/ATS.framework/Versions/A/Resources/libFontParser.dylib
0x0000000007c9a000 	/System/Library/Frameworks/ApplicationServices.framework/Versions/A/Frameworks/ATS.framework/Versions/A/Resources/libFontRegistry.dylib
0x0000000007c9a000 	/System/Library/PrivateFrameworks/AppleVPA.framework/Versions/A/AppleVPA
0x0000000007c9a000 	/System/Library/PrivateFrameworks/AppleJPEG.framework/Versions/A/AppleJPEG
0x0000000007c9a000 	/System/Library/Frameworks/ImageIO.framework/Versions/A/Resources/libJPEG.dylib
0x0000000007c9a000 	/System/Library/Frameworks/ImageIO.framework/Versions/A/Resources/libTIFF.dylib
0x0000000007c9a000 	/System/Library/Frameworks/ImageIO.framework/Versions/A/Resources/libPng.dylib
0x0000000007c9a000 	/System/Library/Frameworks/ImageIO.framework/Versions/A/Resources/libGIF.dylib
0x0000000007c9a000 	/System/Library/Frameworks/ImageIO.framework/Versions/A/Resources/libJP2.dylib
0x0000000007c9a000 	/System/Library/Frameworks/ImageIO.framework/Versions/A/Resources/libRadiance.dylib
0x0000000007c9a000 	/System/Library/Frameworks/CoreVideo.framework/Versions/A/CoreVideo
0x0000000007c9a000 	/System/Library/Frameworks/OpenGL.framework/Versions/A/Libraries/libGLU.dylib
0x0000000007c9a000 	/System/Library/Frameworks/OpenGL.framework/Versions/A/Libraries/libGFXShared.dylib
0x0000000007c9a000 	/System/Library/Frameworks/OpenGL.framework/Versions/A/Libraries/libGL.dylib
0x0000000007c9a000 	/System/Library/Frameworks/OpenGL.framework/Versions/A/Libraries/libGLImage.dylib
0x0000000007c9a000 	/System/Library/Frameworks/OpenGL.framework/Versions/A/Libraries/libCVMSPluginSupport.dylib
0x0000000007c9a000 	/System/Library/Frameworks/OpenGL.framework/Versions/A/Libraries/libCoreVMClient.dylib
0x0000000007c9a000 	/usr/lib/libcups.2.dylib
0x0000000007c9a000 	/System/Library/Frameworks/Kerberos.framework/Versions/A/Kerberos
0x0000000007c9a000 	/System/Library/Frameworks/GSS.framework/Versions/A/GSS
0x0000000007c9a000 	/usr/lib/libresolv.9.dylib
0x0000000007c9a000 	/usr/lib/libiconv.2.dylib
0x0000000007c9a000 	/System/Library/PrivateFrameworks/Heimdal.framework/Versions/A/Heimdal
0x0000000007c9a000 	/usr/lib/libheimdal-asn1.dylib
0x0000000007c9a000 	/System/Library/Frameworks/OpenDirectory.framework/Versions/A/OpenDirectory
0x0000000007c9a000 	/System/Library/PrivateFrameworks/CommonAuth.framework/Versions/A/CommonAuth
0x0000000007c9a000 	/System/Library/Frameworks/OpenDirectory.framework/Versions/A/Frameworks/CFOpenDirectory.framework/Versions/A/CFOpenDirectory
0x0000000007c9a000 	/System/Library/Frameworks/SecurityFoundation.framework/Versions/A/SecurityFoundation
0x0000000007c9a000 	/System/Library/PrivateFrameworks/LanguageModeling.framework/Versions/A/LanguageModeling
0x0000000007c9a000 	/usr/lib/libcmph.dylib
0x0000000007c9a000 	/System/Library/Frameworks/ServiceManagement.framework/Versions/A/ServiceManagement
0x0000000007c9a000 	/usr/lib/libxslt.1.dylib
0x0000000007c9a000 	/System/Library/Frameworks/Carbon.framework/Versions/A/Frameworks/Ink.framework/Versions/A/Ink
0x0000000007c9a000 	/System/Library/Frameworks/QuartzCore.framework/Versions/A/Frameworks/CoreImage.framework/Versions/A/CoreImage
0x0000000007c9a000 	/System/Library/PrivateFrameworks/CrashReporterSupport.framework/Versions/A/CrashReporterSupport
0x0000000007c9a000 	/System/Library/Frameworks/OpenCL.framework/Versions/A/OpenCL
0x0000000007c9a000 	/System/Library/PrivateFrameworks/FaceCore.framework/Versions/A/FaceCore
0x0000000007c9a000 	/System/Library/PrivateFrameworks/Ubiquity.framework/Versions/A/Ubiquity
0x0000000007c9a000 	/System/Library/PrivateFrameworks/IconServices.framework/Versions/A/IconServices
0x0000000007c9a000 	/System/Library/PrivateFrameworks/ChunkingLibrary.framework/Versions/A/ChunkingLibrary
0x0000000007c9a000 	/System/Library/PrivateFrameworks/Apple80211.framework/Versions/A/Apple80211
0x0000000007c9a000 	/System/Library/Frameworks/CoreWLAN.framework/Versions/A/CoreWLAN
0x0000000007c9a000 	/System/Library/Frameworks/IOBluetooth.framework/Versions/A/IOBluetooth
0x0000000007c9a000 	/System/Library/PrivateFrameworks/CoreWiFi.framework/Versions/A/CoreWiFi
0x0000000007c9a000 	/System/Library/Frameworks/CoreBluetooth.framework/Versions/A/CoreBluetooth
0x0000000007c9a000 	/System/Library/PrivateFrameworks/DebugSymbols.framework/Versions/A/DebugSymbols
0x0000000007c9a000 	/System/Library/PrivateFrameworks/CoreSymbolication.framework/Versions/A/CoreSymbolication
0x0000000007c9a000 	/System/Library/PrivateFrameworks/Symbolication.framework/Versions/A/Symbolication
0x0000000007c9a000 	/System/Library/PrivateFrameworks/SpeechRecognitionCore.framework/Versions/A/SpeechRecognitionCore
0x0000000108a00000 	/Library/Java/JavaVirtualMachines/jdk1.8.0_25.jdk/Contents/Home/jre/lib/server/libjvm.dylib
0x0000000007c9a000 	/usr/lib/libstdc++.6.dylib
0x00000001079d8000 	/Library/Java/JavaVirtualMachines/jdk1.8.0_25.jdk/Contents/Home/jre/lib/libverify.dylib
0x0000000109a1f000 	/Library/Java/JavaVirtualMachines/jdk1.8.0_25.jdk/Contents/Home/jre/lib/libjava.dylib
0x00000001079f0000 	/Library/Java/JavaVirtualMachines/jdk1.8.0_25.jdk/Contents/Home/jre/lib/libzip.dylib
0x0000000125626000 	/System/Library/Frameworks/JavaVM.framework/Frameworks/JavaRuntimeSupport.framework/JavaRuntimeSupport
0x000000012563e000 	/System/Library/Frameworks/JavaVM.framework/Versions/A/Frameworks/JavaNativeFoundation.framework/Versions/A/JavaNativeFoundation
0x0000000125653000 	/System/Library/Frameworks/JavaVM.framework/Versions/A/JavaVM
0x0000000007c9a000 	/System/Library/Frameworks/Carbon.framework/Versions/A/Carbon
0x0000000125660000 	/System/Library/PrivateFrameworks/JavaLaunching.framework/Versions/A/JavaLaunching
0x0000000007c9a000 	/System/Library/Frameworks/Carbon.framework/Versions/A/Frameworks/CommonPanels.framework/Versions/A/CommonPanels
0x0000000007c9a000 	/System/Library/Frameworks/Carbon.framework/Versions/A/Frameworks/Help.framework/Versions/A/Help
0x0000000007c9a000 	/System/Library/Frameworks/Carbon.framework/Versions/A/Frameworks/ImageCapture.framework/Versions/A/ImageCapture
0x0000000007c9a000 	/System/Library/Frameworks/Carbon.framework/Versions/A/Frameworks/OpenScripting.framework/Versions/A/OpenScripting
0x0000000007c9a000 	/System/Library/Frameworks/Carbon.framework/Versions/A/Frameworks/Print.framework/Versions/A/Print
0x0000000007c9a000 	/System/Library/Frameworks/Carbon.framework/Versions/A/Frameworks/SecurityHI.framework/Versions/A/SecurityHI
0x0000000127747000 	/Library/Java/JavaVirtualMachines/jdk1.8.0_25.jdk/Contents/Home/jre/lib/libprism_es2.dylib
0x0000000007c9a000 	/System/Library/Frameworks/OpenGL.framework/Versions/A/Resources/GLEngine.bundle/GLEngine
0x0000000007c9a000 	/System/Library/Frameworks/OpenGL.framework/Versions/A/Libraries/libGLProgrammability.dylib
0x0000000000000000 	/System/Library/Extensions/AppleIntelHD4000GraphicsGLDriver.bundle/Contents/MacOS/AppleIntelHD4000GraphicsGLDriver
0x0000000007c9a000 	/System/Library/PrivateFrameworks/IOAccelerator.framework/Versions/A/IOAccelerator
0x0000000007c9a000 	/System/Library/PrivateFrameworks/GPUSupport.framework/Versions/A/Libraries/libGPUSupportMercury.dylib
0x0000000000000000 	/System/Library/Extensions/GeForceGLDriver.bundle/Contents/MacOS/GeForceGLDriver
0x0000000007c9a000 	/System/Library/Extensions/GeForceGLDriver.bundle/Contents/MacOS/libclh.dylib
0x0000000007c9a000 	/System/Library/Frameworks/OpenGL.framework/Versions/A/Resources/GLRendererFloat.bundle/GLRendererFloat
0x0000000007c9a000 	/System/Library/Frameworks/OpenCL.framework/Versions/A/Libraries/libcldcpuengine.dylib
0x0000000007c9a000 	/System/Library/PrivateFrameworks/DiskImages.framework/Versions/A/DiskImages
0x0000000007c9a000 	/System/Library/Frameworks/DiscRecording.framework/Versions/A/DiscRecording
0x0000000007c9a000 	/usr/lib/libcsfde.dylib
0x0000000007c9a000 	/usr/lib/libcurl.4.dylib
0x0000000007c9a000 	/System/Library/PrivateFrameworks/MediaKit.framework/Versions/A/MediaKit
0x0000000007c9a000 	/System/Library/PrivateFrameworks/ProtectedCloudStorage.framework/Versions/A/ProtectedCloudStorage
0x0000000007c9a000 	/usr/lib/libCoreStorage.dylib
0x0000000007c9a000 	/System/Library/PrivateFrameworks/EFILogin.framework/Versions/A/EFILogin
0x0000000007c9a000 	/usr/lib/libutil.dylib
0x0000000007c9a000 	/System/Library/PrivateFrameworks/FindMyDevice.framework/Versions/A/FindMyDevice
0x0000000007c9a000 	/System/Library/Frameworks/LDAP.framework/Versions/A/LDAP
0x0000000007c9a000 	/usr/lib/libsasl2.2.dylib
0x0000000007c9a000 	/System/Library/PrivateFrameworks/CoreDaemon.framework/Versions/B/CoreDaemon
0x0000000007c9a000 	/usr/lib/libcrypto.0.9.8.dylib
0x0000000007c9a000 	/System/Library/PrivateFrameworks/AppleSRP.framework/Versions/A/AppleSRP
0x0000000007c9a000 	/System/Library/PrivateFrameworks/TrustEvaluationAgent.framework/Versions/A/TrustEvaluationAgent
0x0000000127e32000 	/Library/Java/JavaVirtualMachines/jdk1.8.0_25.jdk/Contents/Home/jre/lib/libglass.dylib
0x0000000007c9a000 	/System/Library/PrivateFrameworks/CoreServicesInternal.framework/Versions/A/CoreServicesInternal
0x0000000007c9a000 	/System/Library/PrivateFrameworks/CloudDocs.framework/Versions/A/CloudDocs
0x0000000007c9a000 	/System/Library/PrivateFrameworks/CoreDuet.framework/Versions/A/CoreDuet
0x0000000007c9a000 	/System/Library/Frameworks/CloudKit.framework/Versions/A/CloudKit
0x0000000007c9a000 	/System/Library/PrivateFrameworks/ProtocolBuffer.framework/Versions/A/ProtocolBuffer
0x0000000007c9a000 	/System/Library/PrivateFrameworks/CoreDuetDaemonProtocol.framework/Versions/A/CoreDuetDaemonProtocol
0x0000000007c9a000 	/System/Library/PrivateFrameworks/CoreDuetDebugLogging.framework/Versions/A/CoreDuetDebugLogging
0x0000000007c9a000 	/System/Library/Frameworks/CoreLocation.framework/Versions/A/CoreLocation
0x0000000007c9a000 	/System/Library/Frameworks/Accounts.framework/Versions/A/Accounts
0x0000000007c9a000 	/System/Library/PrivateFrameworks/ApplePushService.framework/Versions/A/ApplePushService
0x0000000007c9a000 	/System/Library/PrivateFrameworks/GeoServices.framework/Versions/A/GeoServices
0x0000000007c9a000 	/System/Library/PrivateFrameworks/OAuth.framework/Versions/A/OAuth
0x0000000007c9a000 	/System/Library/Frameworks/CoreGraphics.framework/Versions/A/Resources/libCGCMS.A.dylib
0x0000000007c9a000 	/System/Library/CoreServices/RawCamera.bundle/Contents/MacOS/RawCamera
0x0000000007c9a000 	/System/Library/Frameworks/CoreGraphics.framework/Versions/A/Resources/libRIP.A.dylib
0x0000000007c9a000 	/System/Library/PrivateFrameworks/FamilyControls.framework/Versions/A/FamilyControls
0x0000000007c9a000 	/System/Library/PrivateFrameworks/CommerceKit.framework/Versions/A/Frameworks/CommerceCore.framework/Versions/A/CommerceCore
0x0000000007c9a000 	/System/Library/PrivateFrameworks/SystemAdministration.framework/Versions/A/SystemAdministration
0x0000000007c9a000 	/System/Library/PrivateFrameworks/AppContainer.framework/Versions/A/AppContainer
0x0000000007c9a000 	/System/Library/PrivateFrameworks/SecCodeWrapper.framework/Versions/A/SecCodeWrapper
0x0000000007c9a000 	/System/Library/Frameworks/DirectoryService.framework/Versions/A/DirectoryService
0x0000000007c9a000 	/System/Library/PrivateFrameworks/LoginUIKit.framework/Versions/A/Frameworks/LoginUICore.framework/Versions/A/LoginUICore
0x0000000007c9a000 	/usr/lib/libodfde.dylib
0x000000012be6c000 	/Library/Java/JavaVirtualMachines/jdk1.8.0_25.jdk/Contents/Home/jre/lib/libjavafx_font.dylib
0x0000000007c9a000 	/System/Library/Frameworks/CoreGraphics.framework/Versions/A/Resources/libCGXType.A.dylib
0x000000012d282000 	cl_kernels
0x000000012d284000 	/System/Library/Frameworks/OpenCL.framework/Versions/A/Libraries/ImageFormats/unorm8_bgra.dylib
0x000000012d273000 	cl_kernels

VM Arguments:
jvm_args: -Dfile.encoding=UTF-8 
java_command: ValidateURL
java_class_path (initial): /Volumes/Macintosh HD/Code/Eclipse workspace/YouTubeDownloader/bin:/Applications/eclipse/plugins/org.eclipse.fx.ide.css.jfx8_1.2.0.201501301049.jar:/Volumes/Macintosh HD/Code/Eclipse workspace/YouTubeDownloader/json-simple-1.1.1.jar
Launcher Type: SUN_STANDARD

Environment Variables:
PATH=/usr/bin:/bin:/usr/sbin:/sbin
SHELL=/bin/bash
DISPLAY=/private/tmp/com.apple.launchd.YUwGXqMpN6/org.macosforge.xquartz:0

Signal Handlers:
SIGSEGV: [libjvm.dylib+0x579dc7], sa_mask[0]=11111111011111110111111111111111, sa_flags=SA_ONSTACK|SA_RESTART|SA_SIGINFO
SIGBUS: [libjvm.dylib+0x579dc7], sa_mask[0]=11111111011111110111111111111111, sa_flags=SA_RESTART|SA_SIGINFO
SIGFPE: [libjvm.dylib+0x45b030], sa_mask[0]=11111111011111110111111111111111, sa_flags=SA_RESTART|SA_SIGINFO
SIGPIPE: [libjvm.dylib+0x45b030], sa_mask[0]=11111111011111110111111111111111, sa_flags=SA_RESTART|SA_SIGINFO
SIGXFSZ: [libjvm.dylib+0x45b030], sa_mask[0]=11111111011111110111111111111111, sa_flags=SA_RESTART|SA_SIGINFO
SIGILL: [libjvm.dylib+0x45b030], sa_mask[0]=11111111011111110111111111111111, sa_flags=SA_RESTART|SA_SIGINFO
SIGUSR1: SIG_DFL, sa_mask[0]=00000000000000000000000000000000, sa_flags=none
SIGUSR2: [libjvm.dylib+0x45ab4e], sa_mask[0]=00100000000000000000000000000000, sa_flags=SA_RESTART|SA_SIGINFO
SIGHUP: [libjvm.dylib+0x459121], sa_mask[0]=11111111011111110111111111111111, sa_flags=SA_RESTART|SA_SIGINFO
SIGINT: [libjvm.dylib+0x459121], sa_mask[0]=11111111011111110111111111111111, sa_flags=SA_RESTART|SA_SIGINFO
SIGTERM: [libjvm.dylib+0x459121], sa_mask[0]=11111111011111110111111111111111, sa_flags=SA_RESTART|SA_SIGINFO
SIGQUIT: [libjvm.dylib+0x459121], sa_mask[0]=11111111011111110111111111111111, sa_flags=SA_RESTART|SA_SIGINFO


---------------  S Y S T E M  ---------------

OS:Bsduname:Darwin 14.1.0 Darwin Kernel Version 14.1.0: Thu Feb 26 19:26:47 PST 2015; root:xnu-2782.10.73~1/RELEASE_X86_64 x86_64
rlimit: STACK 8192k, CORE 0k, NPROC 709, NOFILE 10240, AS infinity
load average:1.90 1.83 1.77

CPU:total 8 (4 cores per cpu, 2 threads per core) family 6 model 58 stepping 9, cmov, cx8, fxsr, mmx, sse, sse2, sse3, ssse3, sse4.1, sse4.2, popcnt, avx, aes, clmul, erms, ht, tsc, tscinvbit, tscinv

Memory: 4k page, physical 16777216k(2141912k free)

/proc/meminfo:


vm_info: Java HotSpot(TM) 64-Bit Server VM (25.25-b02) for bsd-amd64 JRE (1.8.0_25-b17), built on Sep 17 2014 16:56:50 by "java_re" with gcc 4.2.1 (Based on Apple Inc. build 5658) (LLVM build 2336.11.00)

time: Mon May 18 10:04:47 2015
elapsed time: 1 seconds (0d 0h 0m 1s)

