#
# A fatal error has been detected by the Java Runtime Environment:
#
#  SIGSEGV (0xb) at pc=0x000000012c5123fd, pid=9569, tid=1811
#
# JRE version: Java(TM) SE Runtime Environment (8.0_25-b17) (build 1.8.0_25-b17)
# Java VM: Java HotSpot(TM) 64-Bit Server VM (25.25-b02 mixed mode bsd-amd64 compressed oops)
# Problematic frame:
# C  [libglass.dylib+0x163fd]  GlassScreenDidChangeScreenParameters+0x9d
#
# Failed to write core dump. Core dumps have been disabled. To enable core dumping, try "ulimit -c unlimited" before starting Java again
#
# If you would like to submit a bug report, please visit:
#   http://bugreport.sun.com/bugreport/crash.jsp
#

---------------  T H R E A D  ---------------

Current thread is native thread

siginfo: si_signo: 11 (SIGSEGV), si_code: 1 (SEGV_MAPERR), si_addr: 0x0000000000000000

Registers:
RAX=0x000000012c544e40, RBX=0x0000000000000000, RCX=0xed002590f7a425c2, RDX=0x00007fcaf1c69a50
RSP=0x00007fff53c6ffe0, RBP=0x00007fff53c6fff0, RSI=0x00007fcaf1f016b8, RDI=0x0000000000000000
R8 =0x00007fff53c6fe90, R9 =0x00007fff7aa1b300, R10=0x0000000000000000, R11=0x0000000000000246
R12=0x00007fcaf4103460, R13=0x00000000000f4268, R14=0x00007fcaf41334b0, R15=0x00007fff53c70130
RIP=0x000000012c5123fd, EFLAGS=0x0000000000010206, ERR=0x0000000000000004
  TRAPNO=0x000000000000000e

Top of Stack: (sp=0x00007fff53c6ffe0)
0x00007fff53c6ffe0:   00007fff53c701c0 00007fcaf41334b0
0x00007fff53c6fff0:   00007fff53c70000 00007fff93bfccdc
0x00007fff53c70000:   00007fff53c70360 00007fff93aee244
0x00007fff53c70010:   00007fff53c70060 0000000000001e00
0x00007fff53c70020:   00007fff7a20acf0 00007fcaf1cca130
0x00007fff53c70030:   0000000000001003 0000000000000900
0x00007fff53c70040:   00007fcaf1cca130 00007fcaf41334b0
0x00007fff53c70050:   0000000000000000 00007fff53c70130
0x00007fff53c70060:   0000000000000000 00007fcaf4133420
0x00007fff53c70070:   00007fff53c701b0 0000000000000060
0x00007fff53c70080:   00000000000f4336 00007fcaf1e03490
0x00007fff53c70090:   00007fcaf412a260 00007fcaf4103460
0x00007fff53c700a0:   0000000000000001 00000000000f4268
0x00007fff53c700b0:   00007fcaf4103450 00007fff916e0acb
0x00007fff53c700c0:   0000000000000001 0000000000000001
0x00007fff53c700d0:   0000000000000030 0000000000000001
0x00007fff53c700e0:   00007fff53c70100 00007fff916e6231
0x00007fff53c700f0:   00007fff7a208dd0 0000000000000000
0x00007fff53c70100:   00007fff53c70120 0000000000000011
0x00007fff53c70110:   00062603f212c200 00007fcaf4103484
0x00007fff53c70120:   0000000000000000 00007fff93ae3d1f
0x00007fff53c70130:   00007fcaf41334b0 00007fff7a208dd0
0x00007fff53c70140:   00007fff53c701c0 0000000000000001
0x00007fff53c70150:   00007fff53c70190 00007fff916e053e
0x00007fff53c70160:   000000010bfaaa00 0000000000000002
0x00007fff53c70170:   000000010bfa7000 00007fcaf1e02db2
0x00007fff53c70180:   0000000000000003 000000010bfac800
0x00007fff53c70190:   00007fff53c70280 00007fff916df2a2
0x00007fff53c701a0:   00007fcaf4129a40 00007fff53c70368
0x00007fff53c701b0:   0000000000000017 0000000000000000
0x00007fff53c701c0:   00000000000f4268 00007fff93ae4013
0x00007fff53c701d0:   00007fff00000000 00007fcaf1d37840 

Instructions: (pc=0x000000012c5123fd)
0x000000012c5123dd:   89 df 4c 89 f1 41 ff 90 68 04 00 00 48 8d 05 58
0x000000012c5123ed:   29 03 00 48 8b 30 48 8d 05 46 2a 03 00 48 8b 10
0x000000012c5123fd:   48 8b 0b 30 c0 48 89 df ff 91 68 04 00 00 48 8b
0x000000012c51240d:   03 48 89 df ff 50 78 48 85 c0 74 36 49 89 c6 48 

Register to memory mapping:

RAX=0x000000012c544e40: jScreenNotifySettingsChanged+0 in /Library/Java/JavaVirtualMachines/jdk1.8.0_25.jdk/Contents/Home/jre/lib/libglass.dylib at 0x000000012c4fc000
RBX=0x0000000000000000 is an unknown value
RCX=0xed002590f7a425c2 is an unknown value
RDX=0x00007fcaf1c69a50 is an unknown value
RSP=0x00007fff53c6ffe0 is an unknown value
RBP=0x00007fff53c6fff0 is an unknown value
RSI=0x00007fcaf1f016b8 is a global jni handle
RDI=0x0000000000000000 is an unknown value
R8 =0x00007fff53c6fe90 is an unknown value
R9 =0x00007fff7aa1b300: _thread+0 in /usr/lib/system/libsystem_pthread.dylib at 0x00007fff969ec000
R10=0x0000000000000000 is an unknown value
R11=0x0000000000000246 is an unknown value
R12=0x00007fcaf4103460 is an unknown value
R13=0x00000000000f4268 is an unknown value
R14=0x00007fcaf41334b0 is an unknown value
R15=0x00007fff53c70130 is an unknown value


Stack: [0x00007fff53473000,0x00007fff53c73000],  sp=0x00007fff53c6ffe0,  free space=8179k
Native frames: (J=compiled Java code, j=interpreted, Vv=VM code, C=native code)
C  [libglass.dylib+0x163fd]  GlassScreenDidChangeScreenParameters+0x9d
C  [CoreFoundation+0x11ecdc]  __CFNOTIFICATIONCENTER_IS_CALLING_OUT_TO_AN_OBSERVER__+0xc
C  [CoreFoundation+0x10244]  _CFXNotificationPost+0xc44
C  [Foundation+0x2c31]  -[NSNotificationCenter postNotificationName:object:userInfo:]+0x42
C  [AppKit+0x36305e]  -[NSApplication _reactToScreenInvalidationImmediately:]+0x17b
C  [AppKit+0x362e9d]  __44-[NSApplication _reactToScreenInvalidation:]_block_invoke+0x4b
C  [CoreFoundation+0x8056c]  __CFRUNLOOP_IS_CALLING_OUT_TO_A_BLOCK__+0xc
C  [CoreFoundation+0x72675]  __CFRunLoopDoBlocks+0x155
C  [CoreFoundation+0x721b6]  __CFRunLoopRun+0x716
C  [CoreFoundation+0x71858]  CFRunLoopRunSpecific+0x128
C  [java+0x56cc]  CreateExecutionEnvironment+0x367
C  [java+0x165c]  JLI_Launch+0x7a0
C  [java+0x768a]  main+0x65
C  [java+0xeb4]  start+0x34


---------------  P R O C E S S  ---------------

VM state:at safepoint (normal execution)

VM Mutex/Monitor currently owned by a thread:  ([mutex/lock_event])
[0x00007fcaf1c1fb10] Threads_lock - owner thread: 0x00007fcaf3006800
[0x00007fcaf1c20010] Heap_lock - owner thread: 0x00007fcaf31f4800

Heap:
 PSYoungGen      total 76288K, used 39198K [0x000000076ab00000, 0x0000000770000000, 0x00000007c0000000)
  eden space 65536K, 59% used [0x000000076ab00000,0x000000076d147a78,0x000000076eb00000)
  from space 10752K, 0% used [0x000000076f580000,0x000000076f580000,0x0000000770000000)
  to   space 10752K, 0% used [0x000000076eb00000,0x000000076eb00000,0x000000076f580000)
 ParOldGen       total 175104K, used 0K [0x00000006c0000000, 0x00000006cab00000, 0x000000076ab00000)
  object space 175104K, 0% used [0x00000006c0000000,0x00000006c0000000,0x00000006cab00000)
 Metaspace       used 13600K, capacity 14114K, committed 14208K, reserved 1060864K
  class space    used 1993K, capacity 2132K, committed 2176K, reserved 1048576K

Card table byte_map: [0x000000011d4dc000,0x000000011dcdd000] byte_map_base: 0x0000000119edc000

Marking Bits: (ParMarkBitMap*) 0x000000010da9d390
 Begin Bits: [0x000000011ea4b000, 0x0000000122a4b000)
 End Bits:   [0x0000000122a4b000, 0x0000000126a4b000)

Polling page: 0x000000010c1e7000

CodeCache: size=245760Kb used=4459Kb max_used=4459Kb free=241300Kb
 bounds [0x000000010e11c000, 0x000000010e57c000, 0x000000011d11c000]
 total_blobs=2021 nmethods=1400 adapters=535
 compilation: enabled

Compilation events (10 events):
Event: 38.290 Thread 0x00007fcaf383c800 nmethod 1396 0x000000010e575f90 code [0x000000010e576100, 0x000000010e5763f0]
Event: 39.342 Thread 0x00007fcaf383c800 1397       3       com.sun.javafx.event.EventDispatchChainImpl::insertFirst (42 bytes)
Event: 39.342 Thread 0x00007fcaf383c800 nmethod 1397 0x000000010e5764d0 code [0x000000010e576640, 0x000000010e576910]
Event: 39.394 Thread 0x00007fcaf383c800 1398       3       com.sun.javafx.geom.Vec3d::<init> (5 bytes)
Event: 39.394 Thread 0x00007fcaf383c800 nmethod 1398 0x000000010e576a50 code [0x000000010e576bc0, 0x000000010e576d70]
Event: 39.641 Thread 0x00007fcaf383c800 1399       3       com.sun.javafx.PlatformUtil::isMac (4 bytes)
Event: 39.642 Thread 0x00007fcaf383c800 nmethod 1399 0x000000010e576e10 code [0x000000010e576f60, 0x000000010e577090]
Event: 40.081 Thread 0x00007fcaf383c800 1401       3       jdk.internal.org.objectweb.asm.MethodWriter::visitFieldInsn (248 bytes)
Event: 40.082 Thread 0x00007fcaf383c800 nmethod 1401 0x000000010e577490 code [0x000000010e577680, 0x000000010e577f18]
Event: 40.082 Thread 0x00007fcaf383c800 1402       3       jdk.internal.org.objectweb.asm.ClassWriter::newFieldItem (77 bytes)

GC Heap History (0 events):
No events

Deoptimization events (10 events):
Event: 0.763 Thread 0x00007fcaf4965800 Uncommon trap: reason=unreached action=reinterpret pc=0x000000010e387a80 method=java.util.HashMap.getNode(ILjava/lang/Object;)Ljava/util/HashMap$Node; @ 84
Event: 0.763 Thread 0x00007fcaf4965800 Uncommon trap: reason=unreached action=reinterpret pc=0x000000010e38586c method=java.util.HashMap.getNode(ILjava/lang/Object;)Ljava/util/HashMap$Node; @ 84
Event: 0.927 Thread 0x00007fcaf4965800 Uncommon trap: reason=class_check action=maybe_recompile pc=0x000000010e3918d0 method=java.io.DataInputStream.readShort()S @ 4
Event: 0.928 Thread 0x00007fcaf4965800 Uncommon trap: reason=class_check action=maybe_recompile pc=0x000000010e3918d0 method=java.io.DataInputStream.readShort()S @ 4
Event: 0.928 Thread 0x00007fcaf4965800 Uncommon trap: reason=class_check action=maybe_recompile pc=0x000000010e3918d0 method=java.io.DataInputStream.readShort()S @ 4
Event: 0.928 Thread 0x00007fcaf4965800 Uncommon trap: reason=class_check action=maybe_recompile pc=0x000000010e3918d0 method=java.io.DataInputStream.readShort()S @ 4
Event: 0.934 Thread 0x00007fcaf4965800 Uncommon trap: reason=class_check action=maybe_recompile pc=0x000000010e249b1c method=java.lang.String.equals(Ljava/lang/Object;)Z @ 8
Event: 0.934 Thread 0x00007fcaf4965800 Uncommon trap: reason=class_check action=maybe_recompile pc=0x000000010e249b1c method=java.lang.String.equals(Ljava/lang/Object;)Z @ 8
Event: 0.935 Thread 0x00007fcaf4965800 Uncommon trap: reason=class_check action=maybe_recompile pc=0x000000010e249b1c method=java.lang.String.equals(Ljava/lang/Object;)Z @ 8
Event: 0.957 Thread 0x00007fcaf4965800 Uncommon trap: reason=class_check action=maybe_recompile pc=0x000000010e249b1c method=java.lang.String.equals(Ljava/lang/Object;)Z @ 8

Internal exceptions (10 events):
Event: 0.143 Thread 0x00007fcaf3800000 Exception <a 'java/lang/NullPointerException'> (0x000000076af9ab00) thrown at [/HUDSON3/workspace/8-2-build-macosx-x86_64/jdk8u25/1514/hotspot/src/share/vm/interpreter/linkResolver.cpp, line 1178]
Event: 0.439 Thread 0x00007fcaf4965800 Exception <a 'java/lang/NullPointerException'> (0x000000076bb82cb0) thrown at [/HUDSON3/workspace/8-2-build-macosx-x86_64/jdk8u25/1514/hotspot/src/share/vm/interpreter/linkResolver.cpp, line 1178]
Event: 0.439 Thread 0x00007fcaf4965800 Exception <a 'java/lang/NullPointerException'> (0x000000076bb82cb0) thrown at [/HUDSON3/workspace/8-2-build-macosx-x86_64/jdk8u25/1514/hotspot/src/share/vm/prims/jvm.cpp, line 1316]
Event: 0.795 Thread 0x00007fcaf4965800 Exception <a 'java/security/PrivilegedActionException'> (0x000000076c091400) thrown at [/HUDSON3/workspace/8-2-build-macosx-x86_64/jdk8u25/1514/hotspot/src/share/vm/prims/jvm.cpp, line 1312]
Event: 0.862 Thread 0x00007fcaf4965800 Exception <a 'java/security/PrivilegedActionException'> (0x000000076c379c08) thrown at [/HUDSON3/workspace/8-2-build-macosx-x86_64/jdk8u25/1514/hotspot/src/share/vm/prims/jvm.cpp, line 1312]
Event: 0.864 Thread 0x00007fcaf4965800 Exception <a 'java/security/PrivilegedActionException'> (0x000000076c3903f0) thrown at [/HUDSON3/workspace/8-2-build-macosx-x86_64/jdk8u25/1514/hotspot/src/share/vm/prims/jvm.cpp, line 1312]
Event: 0.866 Thread 0x00007fcaf4965800 Exception <a 'java/security/PrivilegedActionException'> (0x000000076c3b2478) thrown at [/HUDSON3/workspace/8-2-build-macosx-x86_64/jdk8u25/1514/hotspot/src/share/vm/prims/jvm.cpp, line 1312]
Event: 0.990 Thread 0x00007fcaf4965800 Exception <a 'java/security/PrivilegedActionException'> (0x000000076c6f62a8) thrown at [/HUDSON3/workspace/8-2-build-macosx-x86_64/jdk8u25/1514/hotspot/src/share/vm/prims/jvm.cpp, line 1312]
Event: 0.991 Thread 0x00007fcaf4965800 Exception <a 'java/security/PrivilegedActionException'> (0x000000076c70d928) thrown at [/HUDSON3/workspace/8-2-build-macosx-x86_64/jdk8u25/1514/hotspot/src/share/vm/prims/jvm.cpp, line 1312]
Event: 0.994 Thread 0x00007fcaf4965800 Exception <a 'java/security/PrivilegedActionException'> (0x000000076c72a9a8) thrown at [/HUDSON3/workspace/8-2-build-macosx-x86_64/jdk8u25/1514/hotspot/src/share/vm/prims/jvm.cpp, line 1312]

Events (10 events):
Event: 40.081 Thread 0x00007fcaf3800000 Thread exited: 0x00007fcaf3800000
Event: 40.081 Thread 0x00007fcaf31f4800 Thread added: 0x00007fcaf31f4800
Event: 40.081 Thread 0x00007fcaf4965800 Thread exited: 0x00007fcaf4965800
Event: 40.082 loading class java/util/IdentityHashMap$KeySet
Event: 40.082 loading class java/util/IdentityHashMap$KeySet done
Event: 40.082 loading class java/util/IdentityHashMap$KeyIterator
Event: 40.082 loading class java/util/IdentityHashMap$IdentityHashMapIterator
Event: 40.082 loading class java/util/IdentityHashMap$IdentityHashMapIterator done
Event: 40.082 loading class java/util/IdentityHashMap$KeyIterator done
Event: 40.082 Thread 0x00007fcaf31f4800 Thread exited: 0x00007fcaf31f4800


Dynamic libraries:
0x00000000087e9000 	/System/Library/Frameworks/Cocoa.framework/Versions/A/Cocoa
0x00000000087e9000 	/System/Library/Frameworks/Security.framework/Versions/A/Security
0x00000000087e9000 	/System/Library/Frameworks/ApplicationServices.framework/Versions/A/ApplicationServices
0x00000000087e9000 	/usr/lib/libz.1.dylib
0x00000000087e9000 	/usr/lib/libSystem.B.dylib
0x00000000087e9000 	/usr/lib/libobjc.A.dylib
0x00000000087e9000 	/System/Library/Frameworks/CoreFoundation.framework/Versions/A/CoreFoundation
0x00000000087e9000 	/System/Library/Frameworks/Foundation.framework/Versions/C/Foundation
0x00000000087e9000 	/System/Library/Frameworks/AppKit.framework/Versions/C/AppKit
0x00000000087e9000 	/System/Library/Frameworks/CoreData.framework/Versions/A/CoreData
0x00000000087e9000 	/System/Library/PrivateFrameworks/RemoteViewServices.framework/Versions/A/RemoteViewServices
0x00000000087e9000 	/System/Library/PrivateFrameworks/UIFoundation.framework/Versions/A/UIFoundation
0x00000000087e9000 	/System/Library/Frameworks/IOSurface.framework/Versions/A/IOSurface
0x00000000087e9000 	/System/Library/Frameworks/AudioToolbox.framework/Versions/A/AudioToolbox
0x00000000087e9000 	/System/Library/Frameworks/AudioUnit.framework/Versions/A/AudioUnit
0x00000000087e9000 	/System/Library/PrivateFrameworks/DataDetectorsCore.framework/Versions/A/DataDetectorsCore
0x00000000087e9000 	/System/Library/PrivateFrameworks/DesktopServicesPriv.framework/Versions/A/DesktopServicesPriv
0x00000000087e9000 	/System/Library/Frameworks/Carbon.framework/Versions/A/Frameworks/HIToolbox.framework/Versions/A/HIToolbox
0x00000000087e9000 	/System/Library/Frameworks/QuartzCore.framework/Versions/A/QuartzCore
0x00000000087e9000 	/System/Library/Frameworks/Carbon.framework/Versions/A/Frameworks/SpeechRecognition.framework/Versions/A/SpeechRecognition
0x00000000087e9000 	/usr/lib/libauto.dylib
0x00000000087e9000 	/usr/lib/libicucore.A.dylib
0x00000000087e9000 	/usr/lib/libxml2.2.dylib
0x00000000087e9000 	/System/Library/PrivateFrameworks/CoreUI.framework/Versions/A/CoreUI
0x00000000087e9000 	/System/Library/Frameworks/CoreAudio.framework/Versions/A/CoreAudio
0x00000000087e9000 	/System/Library/Frameworks/DiskArbitration.framework/Versions/A/DiskArbitration
0x00000000087e9000 	/usr/lib/liblangid.dylib
0x00000000087e9000 	/System/Library/PrivateFrameworks/MultitouchSupport.framework/Versions/A/MultitouchSupport
0x00000000087e9000 	/System/Library/Frameworks/IOKit.framework/Versions/A/IOKit
0x00000000087e9000 	/usr/lib/libDiagnosticMessagesClient.dylib
0x00000000087e9000 	/System/Library/Frameworks/CoreServices.framework/Versions/A/CoreServices
0x00000000087e9000 	/System/Library/PrivateFrameworks/PerformanceAnalysis.framework/Versions/A/PerformanceAnalysis
0x00000000087e9000 	/System/Library/PrivateFrameworks/GenerationalStorage.framework/Versions/A/GenerationalStorage
0x00000000087e9000 	/System/Library/Frameworks/OpenGL.framework/Versions/A/OpenGL
0x00000000087e9000 	/System/Library/PrivateFrameworks/Sharing.framework/Versions/A/Sharing
0x00000000087e9000 	/System/Library/Frameworks/CoreGraphics.framework/Versions/A/CoreGraphics
0x00000000087e9000 	/System/Library/Frameworks/CoreText.framework/Versions/A/CoreText
0x00000000087e9000 	/System/Library/Frameworks/ImageIO.framework/Versions/A/ImageIO
0x00000000087e9000 	/usr/lib/libextension.dylib
0x00000000087e9000 	/System/Library/PrivateFrameworks/Backup.framework/Versions/A/Backup
0x00000000087e9000 	/usr/lib/libarchive.2.dylib
0x00000000087e9000 	/System/Library/Frameworks/CFNetwork.framework/Versions/A/CFNetwork
0x00000000087e9000 	/System/Library/Frameworks/SystemConfiguration.framework/Versions/A/SystemConfiguration
0x00000000087e9000 	/usr/lib/libCRFSuite.dylib
0x00000000087e9000 	/usr/lib/libc++.1.dylib
0x00000000087e9000 	/usr/lib/libc++abi.dylib
0x00000000087e9000 	/usr/lib/system/libcache.dylib
0x00000000087e9000 	/usr/lib/system/libcommonCrypto.dylib
0x00000000087e9000 	/usr/lib/system/libcompiler_rt.dylib
0x00000000087e9000 	/usr/lib/system/libcopyfile.dylib
0x00000000087e9000 	/usr/lib/system/libcorecrypto.dylib
0x00000000087e9000 	/usr/lib/system/libdispatch.dylib
0x00000000087e9000 	/usr/lib/system/libdyld.dylib
0x00000000087e9000 	/usr/lib/system/libkeymgr.dylib
0x00000000087e9000 	/usr/lib/system/liblaunch.dylib
0x00000000087e9000 	/usr/lib/system/libmacho.dylib
0x00000000087e9000 	/usr/lib/system/libquarantine.dylib
0x00000000087e9000 	/usr/lib/system/libremovefile.dylib
0x00000000087e9000 	/usr/lib/system/libsystem_asl.dylib
0x00000000087e9000 	/usr/lib/system/libsystem_blocks.dylib
0x00000000087e9000 	/usr/lib/system/libsystem_c.dylib
0x00000000087e9000 	/usr/lib/system/libsystem_configuration.dylib
0x00000000087e9000 	/usr/lib/system/libsystem_coreservices.dylib
0x00000000087e9000 	/usr/lib/system/libsystem_coretls.dylib
0x00000000087e9000 	/usr/lib/system/libsystem_dnssd.dylib
0x00000000087e9000 	/usr/lib/system/libsystem_info.dylib
0x00000000087e9000 	/usr/lib/system/libsystem_kernel.dylib
0x00000000087e9000 	/usr/lib/system/libsystem_m.dylib
0x00000000087e9000 	/usr/lib/system/libsystem_malloc.dylib
0x00000000087e9000 	/usr/lib/system/libsystem_network.dylib
0x00000000087e9000 	/usr/lib/system/libsystem_networkextension.dylib
0x00000000087e9000 	/usr/lib/system/libsystem_notify.dylib
0x00000000087e9000 	/usr/lib/system/libsystem_platform.dylib
0x00000000087e9000 	/usr/lib/system/libsystem_pthread.dylib
0x00000000087e9000 	/usr/lib/system/libsystem_sandbox.dylib
0x00000000087e9000 	/usr/lib/system/libsystem_secinit.dylib
0x00000000087e9000 	/usr/lib/system/libsystem_stats.dylib
0x00000000087e9000 	/usr/lib/system/libsystem_trace.dylib
0x00000000087e9000 	/usr/lib/system/libunc.dylib
0x00000000087e9000 	/usr/lib/system/libunwind.dylib
0x00000000087e9000 	/usr/lib/system/libxpc.dylib
0x00000000087e9000 	/usr/lib/libbz2.1.0.dylib
0x00000000087e9000 	/usr/lib/liblzma.5.dylib
0x00000000087e9000 	/usr/lib/libbsm.0.dylib
0x00000000087e9000 	/usr/lib/libsqlite3.dylib
0x00000000087e9000 	/usr/lib/system/libkxld.dylib
0x00000000087e9000 	/usr/lib/libxar.1.dylib
0x00000000087e9000 	/usr/lib/libpam.2.dylib
0x00000000087e9000 	/usr/lib/libOpenScriptingUtil.dylib
0x00000000087e9000 	/System/Library/Frameworks/CoreServices.framework/Versions/A/Frameworks/FSEvents.framework/Versions/A/FSEvents
0x00000000087e9000 	/System/Library/Frameworks/CoreServices.framework/Versions/A/Frameworks/CarbonCore.framework/Versions/A/CarbonCore
0x00000000087e9000 	/System/Library/Frameworks/CoreServices.framework/Versions/A/Frameworks/Metadata.framework/Versions/A/Metadata
0x00000000087e9000 	/System/Library/Frameworks/CoreServices.framework/Versions/A/Frameworks/OSServices.framework/Versions/A/OSServices
0x00000000087e9000 	/System/Library/Frameworks/CoreServices.framework/Versions/A/Frameworks/SearchKit.framework/Versions/A/SearchKit
0x00000000087e9000 	/System/Library/Frameworks/CoreServices.framework/Versions/A/Frameworks/AE.framework/Versions/A/AE
0x00000000087e9000 	/System/Library/Frameworks/CoreServices.framework/Versions/A/Frameworks/LaunchServices.framework/Versions/A/LaunchServices
0x00000000087e9000 	/System/Library/Frameworks/CoreServices.framework/Versions/A/Frameworks/DictionaryServices.framework/Versions/A/DictionaryServices
0x00000000087e9000 	/System/Library/Frameworks/NetFS.framework/Versions/A/NetFS
0x00000000087e9000 	/System/Library/PrivateFrameworks/NetAuth.framework/Versions/A/NetAuth
0x00000000087e9000 	/System/Library/PrivateFrameworks/login.framework/Versions/A/Frameworks/loginsupport.framework/Versions/A/loginsupport
0x00000000087e9000 	/System/Library/PrivateFrameworks/TCC.framework/Versions/A/TCC
0x00000000087e9000 	/usr/lib/libmecabra.dylib
0x00000000087e9000 	/System/Library/Frameworks/ApplicationServices.framework/Versions/A/Frameworks/ATS.framework/Versions/A/ATS
0x00000000087e9000 	/System/Library/Frameworks/ApplicationServices.framework/Versions/A/Frameworks/ColorSync.framework/Versions/A/ColorSync
0x00000000087e9000 	/System/Library/Frameworks/ApplicationServices.framework/Versions/A/Frameworks/HIServices.framework/Versions/A/HIServices
0x00000000087e9000 	/System/Library/Frameworks/ApplicationServices.framework/Versions/A/Frameworks/LangAnalysis.framework/Versions/A/LangAnalysis
0x00000000087e9000 	/System/Library/Frameworks/ApplicationServices.framework/Versions/A/Frameworks/PrintCore.framework/Versions/A/PrintCore
0x00000000087e9000 	/System/Library/Frameworks/ApplicationServices.framework/Versions/A/Frameworks/QD.framework/Versions/A/QD
0x00000000087e9000 	/System/Library/Frameworks/ApplicationServices.framework/Versions/A/Frameworks/SpeechSynthesis.framework/Versions/A/SpeechSynthesis
0x00000000087e9000 	/System/Library/Frameworks/Accelerate.framework/Versions/A/Accelerate
0x00000000087e9000 	/System/Library/Frameworks/Accelerate.framework/Versions/A/Frameworks/vImage.framework/Versions/A/vImage
0x00000000087e9000 	/System/Library/Frameworks/Accelerate.framework/Versions/A/Frameworks/vecLib.framework/Versions/A/vecLib
0x00000000087e9000 	/System/Library/Frameworks/Accelerate.framework/Versions/A/Frameworks/vecLib.framework/Versions/A/libvDSP.dylib
0x00000000087e9000 	/System/Library/Frameworks/Accelerate.framework/Versions/A/Frameworks/vecLib.framework/Versions/A/libvMisc.dylib
0x00000000087e9000 	/System/Library/Frameworks/Accelerate.framework/Versions/A/Frameworks/vecLib.framework/Versions/A/libLAPACK.dylib
0x00000000087e9000 	/System/Library/Frameworks/Accelerate.framework/Versions/A/Frameworks/vecLib.framework/Versions/A/libBLAS.dylib
0x00000000087e9000 	/System/Library/Frameworks/Accelerate.framework/Versions/A/Frameworks/vecLib.framework/Versions/A/libLinearAlgebra.dylib
0x00000000087e9000 	/System/Library/Frameworks/ApplicationServices.framework/Versions/A/Frameworks/ATS.framework/Versions/A/Resources/libFontParser.dylib
0x00000000087e9000 	/System/Library/Frameworks/ApplicationServices.framework/Versions/A/Frameworks/ATS.framework/Versions/A/Resources/libFontRegistry.dylib
0x00000000087e9000 	/System/Library/PrivateFrameworks/AppleVPA.framework/Versions/A/AppleVPA
0x00000000087e9000 	/System/Library/PrivateFrameworks/AppleJPEG.framework/Versions/A/AppleJPEG
0x00000000087e9000 	/System/Library/Frameworks/ImageIO.framework/Versions/A/Resources/libJPEG.dylib
0x00000000087e9000 	/System/Library/Frameworks/ImageIO.framework/Versions/A/Resources/libTIFF.dylib
0x00000000087e9000 	/System/Library/Frameworks/ImageIO.framework/Versions/A/Resources/libPng.dylib
0x00000000087e9000 	/System/Library/Frameworks/ImageIO.framework/Versions/A/Resources/libGIF.dylib
0x00000000087e9000 	/System/Library/Frameworks/ImageIO.framework/Versions/A/Resources/libJP2.dylib
0x00000000087e9000 	/System/Library/Frameworks/ImageIO.framework/Versions/A/Resources/libRadiance.dylib
0x00000000087e9000 	/System/Library/Frameworks/CoreVideo.framework/Versions/A/CoreVideo
0x00000000087e9000 	/System/Library/Frameworks/OpenGL.framework/Versions/A/Libraries/libGLU.dylib
0x00000000087e9000 	/System/Library/Frameworks/OpenGL.framework/Versions/A/Libraries/libGFXShared.dylib
0x00000000087e9000 	/System/Library/Frameworks/OpenGL.framework/Versions/A/Libraries/libGL.dylib
0x00000000087e9000 	/System/Library/Frameworks/OpenGL.framework/Versions/A/Libraries/libGLImage.dylib
0x00000000087e9000 	/System/Library/Frameworks/OpenGL.framework/Versions/A/Libraries/libCVMSPluginSupport.dylib
0x00000000087e9000 	/System/Library/Frameworks/OpenGL.framework/Versions/A/Libraries/libCoreVMClient.dylib
0x00000000087e9000 	/usr/lib/libcups.2.dylib
0x00000000087e9000 	/System/Library/Frameworks/Kerberos.framework/Versions/A/Kerberos
0x00000000087e9000 	/System/Library/Frameworks/GSS.framework/Versions/A/GSS
0x00000000087e9000 	/usr/lib/libresolv.9.dylib
0x00000000087e9000 	/usr/lib/libiconv.2.dylib
0x00000000087e9000 	/System/Library/PrivateFrameworks/Heimdal.framework/Versions/A/Heimdal
0x00000000087e9000 	/usr/lib/libheimdal-asn1.dylib
0x00000000087e9000 	/System/Library/Frameworks/OpenDirectory.framework/Versions/A/OpenDirectory
0x00000000087e9000 	/System/Library/PrivateFrameworks/CommonAuth.framework/Versions/A/CommonAuth
0x00000000087e9000 	/System/Library/Frameworks/OpenDirectory.framework/Versions/A/Frameworks/CFOpenDirectory.framework/Versions/A/CFOpenDirectory
0x00000000087e9000 	/System/Library/Frameworks/SecurityFoundation.framework/Versions/A/SecurityFoundation
0x00000000087e9000 	/System/Library/PrivateFrameworks/LanguageModeling.framework/Versions/A/LanguageModeling
0x00000000087e9000 	/usr/lib/libcmph.dylib
0x00000000087e9000 	/System/Library/Frameworks/ServiceManagement.framework/Versions/A/ServiceManagement
0x00000000087e9000 	/usr/lib/libxslt.1.dylib
0x00000000087e9000 	/System/Library/Frameworks/Carbon.framework/Versions/A/Frameworks/Ink.framework/Versions/A/Ink
0x00000000087e9000 	/System/Library/Frameworks/QuartzCore.framework/Versions/A/Frameworks/CoreImage.framework/Versions/A/CoreImage
0x00000000087e9000 	/System/Library/PrivateFrameworks/CrashReporterSupport.framework/Versions/A/CrashReporterSupport
0x00000000087e9000 	/System/Library/Frameworks/OpenCL.framework/Versions/A/OpenCL
0x00000000087e9000 	/System/Library/PrivateFrameworks/FaceCore.framework/Versions/A/FaceCore
0x00000000087e9000 	/System/Library/PrivateFrameworks/Ubiquity.framework/Versions/A/Ubiquity
0x00000000087e9000 	/System/Library/PrivateFrameworks/IconServices.framework/Versions/A/IconServices
0x00000000087e9000 	/System/Library/PrivateFrameworks/ChunkingLibrary.framework/Versions/A/ChunkingLibrary
0x00000000087e9000 	/System/Library/PrivateFrameworks/Apple80211.framework/Versions/A/Apple80211
0x00000000087e9000 	/System/Library/Frameworks/CoreWLAN.framework/Versions/A/CoreWLAN
0x00000000087e9000 	/System/Library/Frameworks/IOBluetooth.framework/Versions/A/IOBluetooth
0x00000000087e9000 	/System/Library/PrivateFrameworks/CoreWiFi.framework/Versions/A/CoreWiFi
0x00000000087e9000 	/System/Library/Frameworks/CoreBluetooth.framework/Versions/A/CoreBluetooth
0x00000000087e9000 	/System/Library/PrivateFrameworks/DebugSymbols.framework/Versions/A/DebugSymbols
0x00000000087e9000 	/System/Library/PrivateFrameworks/CoreSymbolication.framework/Versions/A/CoreSymbolication
0x00000000087e9000 	/System/Library/PrivateFrameworks/Symbolication.framework/Versions/A/Symbolication
0x00000000087e9000 	/System/Library/PrivateFrameworks/SpeechRecognitionCore.framework/Versions/A/SpeechRecognitionCore
0x000000010d200000 	/Library/Java/JavaVirtualMachines/jdk1.8.0_25.jdk/Contents/Home/jre/lib/server/libjvm.dylib
0x00000000087e9000 	/usr/lib/libstdc++.6.dylib
0x000000010c1a5000 	/Library/Java/JavaVirtualMachines/jdk1.8.0_25.jdk/Contents/Home/jre/lib/libverify.dylib
0x000000010c1b3000 	/Library/Java/JavaVirtualMachines/jdk1.8.0_25.jdk/Contents/Home/jre/lib/libjava.dylib
0x000000010c1f1000 	/Library/Java/JavaVirtualMachines/jdk1.8.0_25.jdk/Contents/Home/jre/lib/libzip.dylib
0x0000000129cef000 	/System/Library/Frameworks/JavaVM.framework/Frameworks/JavaRuntimeSupport.framework/JavaRuntimeSupport
0x0000000129d07000 	/System/Library/Frameworks/JavaVM.framework/Versions/A/Frameworks/JavaNativeFoundation.framework/Versions/A/JavaNativeFoundation
0x0000000129d1c000 	/System/Library/Frameworks/JavaVM.framework/Versions/A/JavaVM
0x00000000087e9000 	/System/Library/Frameworks/Carbon.framework/Versions/A/Carbon
0x0000000129d29000 	/System/Library/PrivateFrameworks/JavaLaunching.framework/Versions/A/JavaLaunching
0x00000000087e9000 	/System/Library/Frameworks/Carbon.framework/Versions/A/Frameworks/CommonPanels.framework/Versions/A/CommonPanels
0x00000000087e9000 	/System/Library/Frameworks/Carbon.framework/Versions/A/Frameworks/Help.framework/Versions/A/Help
0x00000000087e9000 	/System/Library/Frameworks/Carbon.framework/Versions/A/Frameworks/ImageCapture.framework/Versions/A/ImageCapture
0x00000000087e9000 	/System/Library/Frameworks/Carbon.framework/Versions/A/Frameworks/OpenScripting.framework/Versions/A/OpenScripting
0x00000000087e9000 	/System/Library/Frameworks/Carbon.framework/Versions/A/Frameworks/Print.framework/Versions/A/Print
0x00000000087e9000 	/System/Library/Frameworks/Carbon.framework/Versions/A/Frameworks/SecurityHI.framework/Versions/A/SecurityHI
0x000000012be12000 	/Library/Java/JavaVirtualMachines/jdk1.8.0_25.jdk/Contents/Home/jre/lib/libprism_es2.dylib
0x00000000087e9000 	/System/Library/Frameworks/OpenGL.framework/Versions/A/Resources/GLEngine.bundle/GLEngine
0x00000000087e9000 	/System/Library/Frameworks/OpenGL.framework/Versions/A/Libraries/libGLProgrammability.dylib
0x0000000000000000 	/System/Library/Extensions/AppleIntelHD4000GraphicsGLDriver.bundle/Contents/MacOS/AppleIntelHD4000GraphicsGLDriver
0x00000000087e9000 	/System/Library/PrivateFrameworks/IOAccelerator.framework/Versions/A/IOAccelerator
0x00000000087e9000 	/System/Library/PrivateFrameworks/GPUSupport.framework/Versions/A/Libraries/libGPUSupportMercury.dylib
0x0000000000000000 	/System/Library/Extensions/GeForceGLDriver.bundle/Contents/MacOS/GeForceGLDriver
0x00000000087e9000 	/System/Library/Extensions/GeForceGLDriver.bundle/Contents/MacOS/libclh.dylib
0x00000000087e9000 	/System/Library/Frameworks/OpenGL.framework/Versions/A/Resources/GLRendererFloat.bundle/GLRendererFloat
0x00000000087e9000 	/System/Library/Frameworks/OpenCL.framework/Versions/A/Libraries/libcldcpuengine.dylib
0x00000000087e9000 	/System/Library/PrivateFrameworks/DiskImages.framework/Versions/A/DiskImages
0x00000000087e9000 	/System/Library/Frameworks/DiscRecording.framework/Versions/A/DiscRecording
0x00000000087e9000 	/usr/lib/libcsfde.dylib
0x00000000087e9000 	/usr/lib/libcurl.4.dylib
0x00000000087e9000 	/System/Library/PrivateFrameworks/MediaKit.framework/Versions/A/MediaKit
0x00000000087e9000 	/System/Library/PrivateFrameworks/ProtectedCloudStorage.framework/Versions/A/ProtectedCloudStorage
0x00000000087e9000 	/usr/lib/libCoreStorage.dylib
0x00000000087e9000 	/System/Library/PrivateFrameworks/EFILogin.framework/Versions/A/EFILogin
0x00000000087e9000 	/usr/lib/libutil.dylib
0x00000000087e9000 	/System/Library/PrivateFrameworks/FindMyDevice.framework/Versions/A/FindMyDevice
0x00000000087e9000 	/System/Library/Frameworks/LDAP.framework/Versions/A/LDAP
0x00000000087e9000 	/usr/lib/libsasl2.2.dylib
0x00000000087e9000 	/System/Library/PrivateFrameworks/CoreDaemon.framework/Versions/B/CoreDaemon
0x00000000087e9000 	/usr/lib/libcrypto.0.9.8.dylib
0x00000000087e9000 	/System/Library/PrivateFrameworks/AppleSRP.framework/Versions/A/AppleSRP
0x00000000087e9000 	/System/Library/PrivateFrameworks/TrustEvaluationAgent.framework/Versions/A/TrustEvaluationAgent
0x000000012c4fc000 	/Library/Java/JavaVirtualMachines/jdk1.8.0_25.jdk/Contents/Home/jre/lib/libglass.dylib
0x00000000087e9000 	/System/Library/PrivateFrameworks/CoreServicesInternal.framework/Versions/A/CoreServicesInternal
0x00000000087e9000 	/System/Library/PrivateFrameworks/CloudDocs.framework/Versions/A/CloudDocs
0x00000000087e9000 	/System/Library/PrivateFrameworks/CoreDuet.framework/Versions/A/CoreDuet
0x00000000087e9000 	/System/Library/Frameworks/CloudKit.framework/Versions/A/CloudKit
0x00000000087e9000 	/System/Library/PrivateFrameworks/ProtocolBuffer.framework/Versions/A/ProtocolBuffer
0x00000000087e9000 	/System/Library/PrivateFrameworks/CoreDuetDaemonProtocol.framework/Versions/A/CoreDuetDaemonProtocol
0x00000000087e9000 	/System/Library/PrivateFrameworks/CoreDuetDebugLogging.framework/Versions/A/CoreDuetDebugLogging
0x00000000087e9000 	/System/Library/Frameworks/CoreLocation.framework/Versions/A/CoreLocation
0x00000000087e9000 	/System/Library/Frameworks/Accounts.framework/Versions/A/Accounts
0x00000000087e9000 	/System/Library/PrivateFrameworks/ApplePushService.framework/Versions/A/ApplePushService
0x00000000087e9000 	/System/Library/PrivateFrameworks/GeoServices.framework/Versions/A/GeoServices
0x00000000087e9000 	/System/Library/PrivateFrameworks/OAuth.framework/Versions/A/OAuth
0x00000000087e9000 	/System/Library/Frameworks/CoreGraphics.framework/Versions/A/Resources/libCGCMS.A.dylib
0x000000012db3c000 	/System/Library/CoreServices/RawCamera.bundle/Contents/MacOS/RawCamera
0x00000000087e9000 	/System/Library/Frameworks/CoreGraphics.framework/Versions/A/Resources/libRIP.A.dylib
0x00000000087e9000 	/System/Library/PrivateFrameworks/FamilyControls.framework/Versions/A/FamilyControls
0x00000000087e9000 	/System/Library/PrivateFrameworks/CommerceKit.framework/Versions/A/Frameworks/CommerceCore.framework/Versions/A/CommerceCore
0x00000000087e9000 	/System/Library/PrivateFrameworks/SystemAdministration.framework/Versions/A/SystemAdministration
0x00000000087e9000 	/System/Library/PrivateFrameworks/AppContainer.framework/Versions/A/AppContainer
0x00000000087e9000 	/System/Library/PrivateFrameworks/SecCodeWrapper.framework/Versions/A/SecCodeWrapper
0x00000000087e9000 	/System/Library/Frameworks/DirectoryService.framework/Versions/A/DirectoryService
0x00000000087e9000 	/System/Library/PrivateFrameworks/LoginUIKit.framework/Versions/A/Frameworks/LoginUICore.framework/Versions/A/LoginUICore
0x00000000087e9000 	/usr/lib/libodfde.dylib
0x0000000130870000 	/Library/Java/JavaVirtualMachines/jdk1.8.0_25.jdk/Contents/Home/jre/lib/libjavafx_font.dylib
0x00000000087e9000 	/System/Library/Frameworks/CoreGraphics.framework/Versions/A/Resources/libCGXType.A.dylib
0x000000013323b000 	cl_kernels
0x000000013323d000 	/System/Library/Frameworks/OpenCL.framework/Versions/A/Libraries/ImageFormats/unorm8_bgra.dylib
0x0000000133367000 	cl_kernels
0x0000000134010000 	/Library/Java/JavaVirtualMachines/jdk1.8.0_25.jdk/Contents/Home/jre/lib/libprism_common.dylib

VM Arguments:
jvm_args: -Dfile.encoding=UTF-8 
java_command: MainViewer
java_class_path (initial): /Volumes/Macintosh HD/Code/Eclipse workspace/YouTubeDownloader/bin:/Applications/eclipse/plugins/org.eclipse.fx.ide.css.jfx8_1.2.0.201501301049.jar
Launcher Type: SUN_STANDARD

Environment Variables:
PATH=/usr/bin:/bin:/usr/sbin:/sbin
SHELL=/bin/bash
DISPLAY=/private/tmp/com.apple.launchd.ERktPieCZH/org.macosforge.xquartz:0

Signal Handlers:
SIGSEGV: [libjvm.dylib+0x579dc7], sa_mask[0]=11111111011111110111111111111111, sa_flags=SA_ONSTACK|SA_RESTART|SA_SIGINFO
SIGBUS: [libjvm.dylib+0x579dc7], sa_mask[0]=11111111011111110111111111111111, sa_flags=SA_RESTART|SA_SIGINFO
SIGFPE: [libjvm.dylib+0x45b030], sa_mask[0]=11111111011111110111111111111111, sa_flags=SA_RESTART|SA_SIGINFO
SIGPIPE: [libjvm.dylib+0x45b030], sa_mask[0]=11111111011111110111111111111111, sa_flags=SA_RESTART|SA_SIGINFO
SIGXFSZ: [libjvm.dylib+0x45b030], sa_mask[0]=11111111011111110111111111111111, sa_flags=SA_RESTART|SA_SIGINFO
SIGILL: [libjvm.dylib+0x45b030], sa_mask[0]=11111111011111110111111111111111, sa_flags=SA_RESTART|SA_SIGINFO
SIGUSR1: SIG_DFL, sa_mask[0]=00000000000000000000000000000000, sa_flags=none
SIGUSR2: [libjvm.dylib+0x45ab4e], sa_mask[0]=00100000000000000000000000000000, sa_flags=SA_RESTART|SA_SIGINFO
SIGHUP: [libjvm.dylib+0x459121], sa_mask[0]=11111111011111110111111111111111, sa_flags=SA_RESTART|SA_SIGINFO
SIGINT: [libjvm.dylib+0x459121], sa_mask[0]=11111111011111110111111111111111, sa_flags=SA_RESTART|SA_SIGINFO
SIGTERM: [libjvm.dylib+0x459121], sa_mask[0]=11111111011111110111111111111111, sa_flags=SA_RESTART|SA_SIGINFO
SIGQUIT: [libjvm.dylib+0x459121], sa_mask[0]=11111111011111110111111111111111, sa_flags=SA_RESTART|SA_SIGINFO


---------------  S Y S T E M  ---------------

OS:Bsduname:Darwin 14.1.0 Darwin Kernel Version 14.1.0: Thu Feb 26 19:26:47 PST 2015; root:xnu-2782.10.73~1/RELEASE_X86_64 x86_64
rlimit: STACK 8192k, CORE 0k, NPROC 709, NOFILE 10240, AS infinity
load average:1.37 1.54 1.73

CPU:total 8 (4 cores per cpu, 2 threads per core) family 6 model 58 stepping 9, cmov, cx8, fxsr, mmx, sse, sse2, sse3, ssse3, sse4.1, sse4.2, popcnt, avx, aes, clmul, erms, ht, tsc, tscinvbit, tscinv

Memory: 4k page, physical 16777216k(95484k free)

/proc/meminfo:


vm_info: Java HotSpot(TM) 64-Bit Server VM (25.25-b02) for bsd-amd64 JRE (1.8.0_25-b17), built on Sep 17 2014 16:56:50 by "java_re" with gcc 4.2.1 (Based on Apple Inc. build 5658) (LLVM build 2336.11.00)

time: Thu May  7 23:36:29 2015
elapsed time: 40 seconds (0d 0h 0m 40s)

